Using pre-set license
Built from '2020.3/staging' branch; Version is '2020.3.11f1 (99c7afb366b3) revision 10078127'; Using compiler version '192528614'; Build Type 'Release'
OS: 'Windows 10 Home; OS build 19043.1288; Version 2009; 64bit' Language: 'fi' Physical Memory: 16319 MB
BatchMode: 1, IsHumanControllingUs: 0, StartBugReporterOnCrash: 0, Is64bit: 1, IsPro: 0

 COMMAND LINE ARGUMENTS:
D:\Programs\Unity\Editor\2020.3.11f1\Editor\Unity.exe
-adb2
-batchMode
-noUpm
-name
AssetImportWorker19
-projectPath
D:/Programs/Unity/Projects/Hovercraft Mania
-logFile
Logs/AssetImportWorker19.log
-srvPort
51600
Successfully changed project path to: D:/Programs/Unity/Projects/Hovercraft Mania
D:/Programs/Unity/Projects/Hovercraft Mania
Using Asset Import Pipeline V2.
Refreshing native plugins compatible for Editor in 90.19 ms, found 2 plugins.
Preloading 0 native plugins for Editor in 0.00 ms.
Initialize engine version: 2020.3.11f1 (99c7afb366b3)
[Subsystems] Discovering subsystems at path D:/Programs/Unity/Editor/2020.3.11f1/Editor/Data/Resources/UnitySubsystems
[Subsystems] Discovering subsystems at path D:/Programs/Unity/Projects/Hovercraft Mania/Assets
GfxDevice: creating device client; threaded=0
Direct3D:
    Version:  Direct3D 11.0 [level 11.1]
    Renderer: NVIDIA GeForce RTX 2060 (ID=0x1f08)
    Vendor:   
    VRAM:     5980 MB
    Driver:   30.0.14.7111
Shader 'Universal Render Pipeline/Particles/Lit': fallback shader 'Universal Render Pipeline/Particles/SimpleLit' not found
Initialize mono
Mono path[0] = 'D:/Programs/Unity/Editor/2020.3.11f1/Editor/Data/Managed'
Mono path[1] = 'D:/Programs/Unity/Editor/2020.3.11f1/Editor/Data/MonoBleedingEdge/lib/mono/unityjit'
Mono config path = 'D:/Programs/Unity/Editor/2020.3.11f1/Editor/Data/MonoBleedingEdge/etc'
Using monoOptions --debugger-agent=transport=dt_socket,embedding=1,server=y,suspend=n,address=127.0.0.1:56328
Begin MonoManager ReloadAssembly
Registering precompiled unity dll's ...
Register platform support module: D:/Programs/Unity/Editor/2020.3.11f1/Editor/Data/PlaybackEngines/MacStandaloneSupport/UnityEditor.OSXStandalone.Extensions.dll
Register platform support module: D:/Programs/Unity/Editor/2020.3.11f1/Editor/Data/PlaybackEngines/WindowsStandaloneSupport/UnityEditor.WindowsStandalone.Extensions.dll
Register platform support module: D:/Programs/Unity/Editor/2020.3.11f1/Editor/Data/PlaybackEngines/LinuxStandaloneSupport/UnityEditor.LinuxStandalone.Extensions.dll
Registered in 0.003185 seconds.
Native extension for LinuxStandalone target not found
Native extension for WindowsStandalone target not found
Native extension for OSXStandalone target not found
Refreshing native plugins compatible for Editor in 86.71 ms, found 2 plugins.
Preloading 0 native plugins for Editor in 0.00 ms.
Mono: successfully reloaded assembly
- Completed reload, in  2.119 seconds
Platform modules already initialized, skipping
Registering precompiled user dll's ...
Registered in 0.019759 seconds.
Begin MonoManager ReloadAssembly
Native extension for LinuxStandalone target not found
Native extension for WindowsStandalone target not found
Native extension for OSXStandalone target not found
Refreshing native plugins compatible for Editor in 76.06 ms, found 2 plugins.
Preloading 0 native plugins for Editor in 0.00 ms.
Mono: successfully reloaded assembly
- Completed reload, in  2.169 seconds
Platform modules already initialized, skipping
========================================================================
Worker process is ready to serve import requests
Shader 'Universal Render Pipeline/Particles/Lit': fallback shader 'Universal Render Pipeline/Particles/SimpleLit' not found
Launched and connected shader compiler UnityShaderCompiler.exe after 0.05 seconds
Refreshing native plugins compatible for Editor in 0.83 ms, found 2 plugins.
Preloading 0 native plugins for Editor in 0.00 ms.
Unloading 3702 Unused Serialized files (Serialized files now loaded: 0)
System memory in use before: 266.6 MB.
System memory in use after: 266.8 MB.

Unloading 41 unused Assets to reduce memory usage. Loaded Objects now: 4209.
Total: 33.095500 ms (FindLiveObjects: 0.359800 ms CreateObjectMapping: 0.096400 ms MarkObjects: 32.371200 ms  DeleteObjects: 0.266300 ms)

========================================================================
Received Import Request.
  path: Assets/Prefabs/Track3 Variant.prefab
  artifactKey: Guid(749c9df5a93a4364eb4f3a0830875ff0) Importer(815301076,1909f56bfc062723c751e8b465ee728b)
Start importing Assets/Prefabs/Track3 Variant.prefab using Guid(749c9df5a93a4364eb4f3a0830875ff0) Importer(815301076,1909f56bfc062723c751e8b465ee728b)  -> (artifact id: 'cb3f9ee785f22f18d86d6defe83c80e9') in 0.707578 seconds
  Import took 0.718557 seconds .

========================================================================
Received Prepare
Registering precompiled user dll's ...
Registered in 0.019461 seconds.
Begin MonoManager ReloadAssembly
Native extension for LinuxStandalone target not found
Native extension for WindowsStandalone target not found
Native extension for OSXStandalone target not found
Refreshing native plugins compatible for Editor in 0.84 ms, found 2 plugins.
Preloading 0 native plugins for Editor in 0.00 ms.
Mono: successfully reloaded assembly
- Completed reload, in  2.113 seconds
Platform modules already initialized, skipping
Shader 'Universal Render Pipeline/Particles/Lit': fallback shader 'Universal Render Pipeline/Particles/SimpleLit' not found
Refreshing native plugins compatible for Editor in 0.94 ms, found 2 plugins.
Preloading 0 native plugins for Editor in 0.00 ms.
Unloading 3576 Unused Serialized files (Serialized files now loaded: 0)
System memory in use before: 282.4 MB.
System memory in use after: 282.6 MB.

Unloading 34 unused Assets to reduce memory usage. Loaded Objects now: 4257.
Total: 35.263300 ms (FindLiveObjects: 0.458300 ms CreateObjectMapping: 0.098500 ms MarkObjects: 34.456300 ms  DeleteObjects: 0.247100 ms)

========================================================================
Received Import Request.
  Time since last request: 208.507499 seconds.
  path: Assets/Prefabs/Track3 Variant.prefab
  artifactKey: Guid(749c9df5a93a4364eb4f3a0830875ff0) Importer(815301076,1909f56bfc062723c751e8b465ee728b)
Start importing Assets/Prefabs/Track3 Variant.prefab using Guid(749c9df5a93a4364eb4f3a0830875ff0) Importer(815301076,1909f56bfc062723c751e8b465ee728b)  -> (artifact id: '0516c32374264a3143964009f18ef3da') in 0.427189 seconds
  Import took 0.438498 seconds .

========================================================================
Received Import Request.
  Time since last request: 23.472342 seconds.
  path: Assets/Prefabs/Track3 Variant.prefab
  artifactKey: Guid(749c9df5a93a4364eb4f3a0830875ff0) Importer(815301076,1909f56bfc062723c751e8b465ee728b)
Start importing Assets/Prefabs/Track3 Variant.prefab using Guid(749c9df5a93a4364eb4f3a0830875ff0) Importer(815301076,1909f56bfc062723c751e8b465ee728b)  -> (artifact id: '18803eb0d11dfef41b742d925ec83d57') in 0.116983 seconds
  Import took 0.127547 seconds .

========================================================================
Received Prepare
Registering precompiled user dll's ...
Registered in 0.017886 seconds.
Begin MonoManager ReloadAssembly
Native extension for LinuxStandalone target not found
Native extension for WindowsStandalone target not found
Native extension for OSXStandalone target not found
Refreshing native plugins compatible for Editor in 0.91 ms, found 2 plugins.
Preloading 0 native plugins for Editor in 0.00 ms.
Mono: successfully reloaded assembly
- Completed reload, in  2.023 seconds
Platform modules already initialized, skipping
Shader 'Universal Render Pipeline/Particles/Lit': fallback shader 'Universal Render Pipeline/Particles/SimpleLit' not found
Refreshing native plugins compatible for Editor in 0.85 ms, found 2 plugins.
Preloading 0 native plugins for Editor in 0.00 ms.
Unloading 3576 Unused Serialized files (Serialized files now loaded: 0)
System memory in use before: 273.0 MB.
System memory in use after: 273.2 MB.

Unloading 34 unused Assets to reduce memory usage. Loaded Objects now: 4295.
Total: 32.840500 ms (FindLiveObjects: 0.360300 ms CreateObjectMapping: 0.096900 ms MarkObjects: 32.163300 ms  DeleteObjects: 0.218400 ms)

========================================================================
Received Import Request.
  Time since last request: 179.950802 seconds.
  path: Assets/Sprites/track2topdown.png
  artifactKey: Guid(c85110dd4904a654aaf2ea22bd5d9a94) Importer(815301076,1909f56bfc062723c751e8b465ee728b)
Start importing Assets/Sprites/track2topdown.png using Guid(c85110dd4904a654aaf2ea22bd5d9a94) Importer(815301076,1909f56bfc062723c751e8b465ee728b)  -> (artifact id: 'b4fabcae6e57a4c352d673c7013a8392') in 0.174841 seconds
  Import took 0.183769 seconds .

========================================================================
Received Import Request.
  Time since last request: 8.426132 seconds.
  path: Assets/Sprites/track2topdown.png
  artifactKey: Guid(c85110dd4904a654aaf2ea22bd5d9a94) Importer(815301076,1909f56bfc062723c751e8b465ee728b)
Start importing Assets/Sprites/track2topdown.png using Guid(c85110dd4904a654aaf2ea22bd5d9a94) Importer(815301076,1909f56bfc062723c751e8b465ee728b)  -> (artifact id: '423af2a0c3abb8f4e2ff0857dd3e45a0') in 0.009769 seconds
  Import took 0.018123 seconds .

========================================================================
Received Import Request.
  Time since last request: 0.000894 seconds.
  path: Assets/Sprites/track2topdown.png
  artifactKey: Guid(c85110dd4904a654aaf2ea22bd5d9a94) Importer(815301076,1909f56bfc062723c751e8b465ee728b)
Start importing Assets/Sprites/track2topdown.png using Guid(c85110dd4904a654aaf2ea22bd5d9a94) Importer(815301076,1909f56bfc062723c751e8b465ee728b)  -> (artifact id: '423af2a0c3abb8f4e2ff0857dd3e45a0') in 0.009114 seconds
  Import took 0.016280 seconds .

========================================================================
Received Import Request.
  Time since last request: 8.726465 seconds.
  path: Assets/Sprites/track2topdown.png
  artifactKey: Guid(c85110dd4904a654aaf2ea22bd5d9a94) Importer(815301076,1909f56bfc062723c751e8b465ee728b)
Start importing Assets/Sprites/track2topdown.png using Guid(c85110dd4904a654aaf2ea22bd5d9a94) Importer(815301076,1909f56bfc062723c751e8b465ee728b)  -> (artifact id: '7450b36a7a4b1e5177f8aac4002d1078') in 0.018731 seconds
  Import took 0.026587 seconds .

========================================================================
Received Import Request.
  Time since last request: 0.000790 seconds.
  path: Assets/Sprites/track2topdown.png
  artifactKey: Guid(c85110dd4904a654aaf2ea22bd5d9a94) Importer(815301076,1909f56bfc062723c751e8b465ee728b)
Start importing Assets/Sprites/track2topdown.png using Guid(c85110dd4904a654aaf2ea22bd5d9a94) Importer(815301076,1909f56bfc062723c751e8b465ee728b)  -> (artifact id: '7450b36a7a4b1e5177f8aac4002d1078') in 0.016607 seconds
  Import took 0.023708 seconds .

========================================================================
Received Prepare
Registering precompiled user dll's ...
Registered in 0.017828 seconds.
Begin MonoManager ReloadAssembly
Native extension for LinuxStandalone target not found
Native extension for WindowsStandalone target not found
Native extension for OSXStandalone target not found
Refreshing native plugins compatible for Editor in 0.87 ms, found 2 plugins.
Preloading 0 native plugins for Editor in 0.00 ms.
Mono: successfully reloaded assembly
- Completed reload, in  2.150 seconds
Platform modules already initialized, skipping
Shader 'Universal Render Pipeline/Particles/Lit': fallback shader 'Universal Render Pipeline/Particles/SimpleLit' not found
Refreshing native plugins compatible for Editor in 1.37 ms, found 2 plugins.
Preloading 0 native plugins for Editor in 0.00 ms.
Unloading 3576 Unused Serialized files (Serialized files now loaded: 0)
System memory in use before: 283.2 MB.
System memory in use after: 283.4 MB.

Unloading 34 unused Assets to reduce memory usage. Loaded Objects now: 4301.
Total: 40.927700 ms (FindLiveObjects: 0.931500 ms CreateObjectMapping: 0.419500 ms MarkObjects: 39.295200 ms  DeleteObjects: 0.278900 ms)

========================================================================
Received Prepare
Registering precompiled user dll's ...
Registered in 0.017171 seconds.
Begin MonoManager ReloadAssembly
Native extension for LinuxStandalone target not found
Native extension for WindowsStandalone target not found
Native extension for OSXStandalone target not found
Refreshing native plugins compatible for Editor in 0.91 ms, found 2 plugins.
Preloading 0 native plugins for Editor in 0.00 ms.
Mono: successfully reloaded assembly
- Completed reload, in  2.126 seconds
Platform modules already initialized, skipping
Shader 'Universal Render Pipeline/Particles/Lit': fallback shader 'Universal Render Pipeline/Particles/SimpleLit' not found
Refreshing native plugins compatible for Editor in 0.87 ms, found 2 plugins.
Preloading 0 native plugins for Editor in 0.00 ms.
Unloading 3576 Unused Serialized files (Serialized files now loaded: 0)
System memory in use before: 283.2 MB.
System memory in use after: 283.4 MB.

Unloading 34 unused Assets to reduce memory usage. Loaded Objects now: 4303.
Total: 38.659800 ms (FindLiveObjects: 0.492800 ms CreateObjectMapping: 0.227700 ms MarkObjects: 37.735900 ms  DeleteObjects: 0.201000 ms)

========================================================================
Received Import Request.
  Time since last request: 595.889871 seconds.
  path: Assets/Prefabs/Track3 Variant.prefab
  artifactKey: Guid(749c9df5a93a4364eb4f3a0830875ff0) Importer(815301076,1909f56bfc062723c751e8b465ee728b)
Start importing Assets/Prefabs/Track3 Variant.prefab using Guid(749c9df5a93a4364eb4f3a0830875ff0) Importer(815301076,1909f56bfc062723c751e8b465ee728b)  -> (artifact id: 'e19024875d3314c7c1fdc50c507b93a9') in 0.377229 seconds
  Import took 0.392029 seconds .

========================================================================
Received Prepare
Registering precompiled user dll's ...
Registered in 0.017783 seconds.
Begin MonoManager ReloadAssembly
Native extension for LinuxStandalone target not found
Native extension for WindowsStandalone target not found
Native extension for OSXStandalone target not found
Refreshing native plugins compatible for Editor in 0.88 ms, found 2 plugins.
Preloading 0 native plugins for Editor in 0.00 ms.
Mono: successfully reloaded assembly
- Completed reload, in  2.127 seconds
Platform modules already initialized, skipping
Shader 'Universal Render Pipeline/Particles/Lit': fallback shader 'Universal Render Pipeline/Particles/SimpleLit' not found
Refreshing native plugins compatible for Editor in 0.95 ms, found 2 plugins.
Preloading 0 native plugins for Editor in 0.00 ms.
Unloading 3576 Unused Serialized files (Serialized files now loaded: 0)
System memory in use before: 273.7 MB.
System memory in use after: 273.9 MB.

Unloading 34 unused Assets to reduce memory usage. Loaded Objects now: 4341.
Total: 34.405100 ms (FindLiveObjects: 0.431500 ms CreateObjectMapping: 0.097700 ms MarkObjects: 33.650300 ms  DeleteObjects: 0.223000 ms)

========================================================================
Received Import Request.
  Time since last request: 197.666201 seconds.
  path: Assets/Prefabs/Track3 Variant.prefab
  artifactKey: Guid(749c9df5a93a4364eb4f3a0830875ff0) Importer(815301076,1909f56bfc062723c751e8b465ee728b)
Start importing Assets/Prefabs/Track3 Variant.prefab using Guid(749c9df5a93a4364eb4f3a0830875ff0) Importer(815301076,1909f56bfc062723c751e8b465ee728b)  -> (artifact id: 'fb861bb1452061505d4d99dea5f972e6') in 0.418785 seconds
  Import took 0.430732 seconds .

========================================================================
Received Prepare
Registering precompiled user dll's ...
Registered in 0.020966 seconds.
Begin MonoManager ReloadAssembly
Native extension for LinuxStandalone target not found
Native extension for WindowsStandalone target not found
Native extension for OSXStandalone target not found
Refreshing native plugins compatible for Editor in 0.90 ms, found 2 plugins.
Preloading 0 native plugins for Editor in 0.00 ms.
Mono: successfully reloaded assembly
- Completed reload, in  2.232 seconds
Platform modules already initialized, skipping
Shader 'Universal Render Pipeline/Particles/Lit': fallback shader 'Universal Render Pipeline/Particles/SimpleLit' not found
Refreshing native plugins compatible for Editor in 1.56 ms, found 2 plugins.
Preloading 0 native plugins for Editor in 0.00 ms.
Unloading 3576 Unused Serialized files (Serialized files now loaded: 0)
System memory in use before: 273.8 MB.
System memory in use after: 274.0 MB.

Unloading 34 unused Assets to reduce memory usage. Loaded Objects now: 4379.
Total: 35.789400 ms (FindLiveObjects: 0.372300 ms CreateObjectMapping: 0.096400 ms MarkObjects: 35.088400 ms  DeleteObjects: 0.229500 ms)

========================================================================
Received Import Request.
  Time since last request: 133.162796 seconds.
  path: Assets/Scripts/EngineSounds.cs
  artifactKey: Guid(da8c28f14cfe10e4992266f51a2e4740) Importer(815301076,1909f56bfc062723c751e8b465ee728b)
Start importing Assets/Scripts/EngineSounds.cs using Guid(da8c28f14cfe10e4992266f51a2e4740) Importer(815301076,1909f56bfc062723c751e8b465ee728b)  -> (artifact id: 'c5868c579a9efb3314b2d788ea13f44a') in 0.018952 seconds
  Import took 0.027672 seconds .

========================================================================
Received Prepare
Registering precompiled user dll's ...
Registered in 0.018715 seconds.
Begin MonoManager ReloadAssembly
Native extension for LinuxStandalone target not found
Native extension for WindowsStandalone target not found
Native extension for OSXStandalone target not found
Refreshing native plugins compatible for Editor in 0.94 ms, found 2 plugins.
Preloading 0 native plugins for Editor in 0.00 ms.
Mono: successfully reloaded assembly
- Completed reload, in  2.070 seconds
Platform modules already initialized, skipping
Shader 'Universal Render Pipeline/Particles/Lit': fallback shader 'Universal Render Pipeline/Particles/SimpleLit' not found
Refreshing native plugins compatible for Editor in 0.88 ms, found 2 plugins.
Preloading 0 native plugins for Editor in 0.00 ms.
Unloading 3576 Unused Serialized files (Serialized files now loaded: 0)
System memory in use before: 273.8 MB.
System memory in use after: 274.0 MB.

Unloading 34 unused Assets to reduce memory usage. Loaded Objects now: 4381.
Total: 38.856100 ms (FindLiveObjects: 0.444400 ms CreateObjectMapping: 0.104900 ms MarkObjects: 38.081100 ms  DeleteObjects: 0.223900 ms)

========================================================================
Received Prepare
Registering precompiled user dll's ...
Registered in 0.018197 seconds.
Begin MonoManager ReloadAssembly
Native extension for LinuxStandalone target not found
Native extension for WindowsStandalone target not found
Native extension for OSXStandalone target not found
Refreshing native plugins compatible for Editor in 0.85 ms, found 2 plugins.
Preloading 0 native plugins for Editor in 0.00 ms.
Mono: successfully reloaded assembly
- Completed reload, in  2.222 seconds
Platform modules already initialized, skipping
Shader 'Universal Render Pipeline/Particles/Lit': fallback shader 'Universal Render Pipeline/Particles/SimpleLit' not found
Refreshing native plugins compatible for Editor in 1.24 ms, found 2 plugins.
Preloading 0 native plugins for Editor in 0.00 ms.
Unloading 3576 Unused Serialized files (Serialized files now loaded: 0)
System memory in use before: 273.8 MB.
System memory in use after: 274.0 MB.

Unloading 34 unused Assets to reduce memory usage. Loaded Objects now: 4383.
Total: 36.504300 ms (FindLiveObjects: 0.375200 ms CreateObjectMapping: 0.099600 ms MarkObjects: 35.805300 ms  DeleteObjects: 0.222200 ms)

========================================================================
Received Prepare
Registering precompiled user dll's ...
Registered in 0.017492 seconds.
Begin MonoManager ReloadAssembly
Native extension for LinuxStandalone target not found
Native extension for WindowsStandalone target not found
Native extension for OSXStandalone target not found
Refreshing native plugins compatible for Editor in 0.89 ms, found 2 plugins.
Preloading 0 native plugins for Editor in 0.00 ms.
Mono: successfully reloaded assembly
- Completed reload, in  2.049 seconds
Platform modules already initialized, skipping
Shader 'Universal Render Pipeline/Particles/Lit': fallback shader 'Universal Render Pipeline/Particles/SimpleLit' not found
Refreshing native plugins compatible for Editor in 0.86 ms, found 2 plugins.
Preloading 0 native plugins for Editor in 0.00 ms.
Unloading 3576 Unused Serialized files (Serialized files now loaded: 0)
System memory in use before: 273.8 MB.
System memory in use after: 274.0 MB.

Unloading 34 unused Assets to reduce memory usage. Loaded Objects now: 4385.
Total: 35.140200 ms (FindLiveObjects: 0.614000 ms CreateObjectMapping: 0.228800 ms MarkObjects: 34.014000 ms  DeleteObjects: 0.280800 ms)

========================================================================
Received Import Request.
  Time since last request: 281.974895 seconds.
  path: Assets/Prefabs/Track3 Variant.prefab
  artifactKey: Guid(749c9df5a93a4364eb4f3a0830875ff0) Importer(815301076,1909f56bfc062723c751e8b465ee728b)
Start importing Assets/Prefabs/Track3 Variant.prefab using Guid(749c9df5a93a4364eb4f3a0830875ff0) Importer(815301076,1909f56bfc062723c751e8b465ee728b)  -> (artifact id: 'e6614b17601f6be02190e40b8eb1bf4b') in 0.360043 seconds
  Import took 0.372360 seconds .

========================================================================
Received Prepare
Registering precompiled user dll's ...
Registered in 0.018957 seconds.
Begin MonoManager ReloadAssembly
Native extension for LinuxStandalone target not found
Native extension for WindowsStandalone target not found
Native extension for OSXStandalone target not found
Refreshing native plugins compatible for Editor in 0.87 ms, found 2 plugins.
Preloading 0 native plugins for Editor in 0.00 ms.
Mono: successfully reloaded assembly
- Completed reload, in  2.199 seconds
Platform modules already initialized, skipping
Shader 'Universal Render Pipeline/Particles/Lit': fallback shader 'Universal Render Pipeline/Particles/SimpleLit' not found
Refreshing native plugins compatible for Editor in 0.95 ms, found 2 plugins.
Preloading 0 native plugins for Editor in 0.00 ms.
Unloading 3576 Unused Serialized files (Serialized files now loaded: 0)
System memory in use before: 283.7 MB.
System memory in use after: 283.9 MB.

Unloading 34 unused Assets to reduce memory usage. Loaded Objects now: 4423.
Total: 34.463500 ms (FindLiveObjects: 0.391700 ms CreateObjectMapping: 0.100000 ms MarkObjects: 33.742700 ms  DeleteObjects: 0.227500 ms)

========================================================================
Received Import Request.
  Time since last request: 314.238542 seconds.
  path: Assets/Sprites/track2topdownReverse.png
  artifactKey: Guid(cfbcd2f15f77ba5449c63ec281597201) Importer(815301076,1909f56bfc062723c751e8b465ee728b)
Start importing Assets/Sprites/track2topdownReverse.png using Guid(cfbcd2f15f77ba5449c63ec281597201) Importer(815301076,1909f56bfc062723c751e8b465ee728b)  -> (artifact id: 'db36d58547f24eaef6355bcebfe2e0d6') in 0.143219 seconds
  Import took 0.153601 seconds .

========================================================================
Received Import Request.
  Time since last request: 8.967513 seconds.
  path: Assets/Sprites/track2topdownReverse.png
  artifactKey: Guid(cfbcd2f15f77ba5449c63ec281597201) Importer(815301076,1909f56bfc062723c751e8b465ee728b)
Start importing Assets/Sprites/track2topdownReverse.png using Guid(cfbcd2f15f77ba5449c63ec281597201) Importer(815301076,1909f56bfc062723c751e8b465ee728b)  -> (artifact id: '67b8109930e83dabb627ca6f7cd94a5f') in 0.038011 seconds
  Import took 0.045549 seconds .

========================================================================
Received Import Request.
  Time since last request: 0.000932 seconds.
  path: Assets/Sprites/track2topdownReverse.png
  artifactKey: Guid(cfbcd2f15f77ba5449c63ec281597201) Importer(815301076,1909f56bfc062723c751e8b465ee728b)
Start importing Assets/Sprites/track2topdownReverse.png using Guid(cfbcd2f15f77ba5449c63ec281597201) Importer(815301076,1909f56bfc062723c751e8b465ee728b)  -> (artifact id: '67b8109930e83dabb627ca6f7cd94a5f') in 0.013326 seconds
  Import took 0.020670 seconds .

========================================================================
Received Import Request.
  Time since last request: 49.232038 seconds.
  path: Assets/Prefabs/Track3 Reverse Variant Variant.prefab
  artifactKey: Guid(08facaf8cff2f8e45a78b5c7035c09b6) Importer(815301076,1909f56bfc062723c751e8b465ee728b)
Start importing Assets/Prefabs/Track3 Reverse Variant Variant.prefab using Guid(08facaf8cff2f8e45a78b5c7035c09b6) Importer(815301076,1909f56bfc062723c751e8b465ee728b)  -> (artifact id: 'da4cf252f0ee8ba62f8f8fe8c25af6f9') in 0.355300 seconds
  Import took 0.366250 seconds .

========================================================================
Received Import Request.
  Time since last request: 103.927267 seconds.
  path: Assets/Scenes/MainMenu.unity
  artifactKey: Guid(9fc0d4010bbf28b4594072e72b8655ab) Importer(815301076,1909f56bfc062723c751e8b465ee728b)
Start importing Assets/Scenes/MainMenu.unity using Guid(9fc0d4010bbf28b4594072e72b8655ab) Importer(815301076,1909f56bfc062723c751e8b465ee728b)  -> (artifact id: 'f404dd6b6bb5d290fe0a146882e73375') in 0.003646 seconds
  Import took 0.012439 seconds .

========================================================================
Received Import Request.
  Time since last request: 0.000775 seconds.
  path: Assets/Scenes/MainMenu.unity
  artifactKey: Guid(9fc0d4010bbf28b4594072e72b8655ab) Importer(815301076,1909f56bfc062723c751e8b465ee728b)
Start importing Assets/Scenes/MainMenu.unity using Guid(9fc0d4010bbf28b4594072e72b8655ab) Importer(815301076,1909f56bfc062723c751e8b465ee728b)  -> (artifact id: 'f404dd6b6bb5d290fe0a146882e73375') in 0.003741 seconds
  Import took 0.011357 seconds .

========================================================================
Received Prepare
Registering precompiled user dll's ...
Registered in 0.020111 seconds.
Begin MonoManager ReloadAssembly
Native extension for LinuxStandalone target not found
Native extension for WindowsStandalone target not found
Native extension for OSXStandalone target not found
Refreshing native plugins compatible for Editor in 0.84 ms, found 2 plugins.
Preloading 0 native plugins for Editor in 0.00 ms.
Mono: successfully reloaded assembly
- Completed reload, in  2.085 seconds
Platform modules already initialized, skipping
Shader 'Universal Render Pipeline/Particles/Lit': fallback shader 'Universal Render Pipeline/Particles/SimpleLit' not found
Refreshing native plugins compatible for Editor in 0.92 ms, found 2 plugins.
Preloading 0 native plugins for Editor in 0.00 ms.
Unloading 3576 Unused Serialized files (Serialized files now loaded: 0)
System memory in use before: 284.0 MB.
System memory in use after: 284.2 MB.

Unloading 34 unused Assets to reduce memory usage. Loaded Objects now: 4461.
Total: 37.421100 ms (FindLiveObjects: 0.403600 ms CreateObjectMapping: 0.101400 ms MarkObjects: 36.659600 ms  DeleteObjects: 0.254200 ms)

========================================================================
Received Prepare
Registering precompiled user dll's ...
Registered in 0.017519 seconds.
Begin MonoManager ReloadAssembly
Native extension for LinuxStandalone target not found
Native extension for WindowsStandalone target not found
Native extension for OSXStandalone target not found
Refreshing native plugins compatible for Editor in 0.88 ms, found 2 plugins.
Preloading 0 native plugins for Editor in 0.00 ms.
Mono: successfully reloaded assembly
- Completed reload, in  2.150 seconds
Platform modules already initialized, skipping
Shader 'Universal Render Pipeline/Particles/Lit': fallback shader 'Universal Render Pipeline/Particles/SimpleLit' not found
Refreshing native plugins compatible for Editor in 0.83 ms, found 2 plugins.
Preloading 0 native plugins for Editor in 0.00 ms.
Unloading 3576 Unused Serialized files (Serialized files now loaded: 0)
System memory in use before: 274.3 MB.
System memory in use after: 274.5 MB.

Unloading 34 unused Assets to reduce memory usage. Loaded Objects now: 4463.
Total: 41.657300 ms (FindLiveObjects: 0.504200 ms CreateObjectMapping: 0.125500 ms MarkObjects: 40.750400 ms  DeleteObjects: 0.274100 ms)

AssetImportWorkerClient::OnTransportError - code=2 error=End of file
