Using pre-set license
Built from '2020.3/staging' branch; Version is '2020.3.11f1 (99c7afb366b3) revision 10078127'; Using compiler version '192528614'; Build Type 'Release'
OS: 'Windows 10 Home; OS build 19043.1165; Version 2009; 64bit' Language: 'fi' Physical Memory: 16319 MB
BatchMode: 1, IsHumanControllingUs: 0, StartBugReporterOnCrash: 0, Is64bit: 1, IsPro: 0

 COMMAND LINE ARGUMENTS:
D:\Programs\Unity\Editor\2020.3.11f1\Editor\Unity.exe
-adb2
-batchMode
-noUpm
-name
AssetImportWorker0
-projectPath
D:/Programs/Unity/Projects/Hovercraft Racing
-logFile
Logs/AssetImportWorker0.log
-srvPort
63757
Successfully changed project path to: D:/Programs/Unity/Projects/Hovercraft Racing
D:/Programs/Unity/Projects/Hovercraft Racing
Using Asset Import Pipeline V2.
Refreshing native plugins compatible for Editor in 55.91 ms, found 2 plugins.
Preloading 0 native plugins for Editor in 0.00 ms.
Initialize engine version: 2020.3.11f1 (99c7afb366b3)
[Subsystems] Discovering subsystems at path D:/Programs/Unity/Editor/2020.3.11f1/Editor/Data/Resources/UnitySubsystems
[Subsystems] Discovering subsystems at path D:/Programs/Unity/Projects/Hovercraft Racing/Assets
GfxDevice: creating device client; threaded=0
Direct3D:
    Version:  Direct3D 11.0 [level 11.1]
    Renderer: NVIDIA GeForce RTX 2060 (ID=0x1f08)
    Vendor:   
    VRAM:     5980 MB
    Driver:   30.0.14.7111
Initialize mono
Mono path[0] = 'D:/Programs/Unity/Editor/2020.3.11f1/Editor/Data/Managed'
Mono path[1] = 'D:/Programs/Unity/Editor/2020.3.11f1/Editor/Data/MonoBleedingEdge/lib/mono/unityjit'
Mono config path = 'D:/Programs/Unity/Editor/2020.3.11f1/Editor/Data/MonoBleedingEdge/etc'
Using monoOptions --debugger-agent=transport=dt_socket,embedding=1,server=y,suspend=n,address=127.0.0.1:56964
Begin MonoManager ReloadAssembly
Registering precompiled unity dll's ...
Register platform support module: D:/Programs/Unity/Editor/2020.3.11f1/Editor/Data/PlaybackEngines/MacStandaloneSupport/UnityEditor.OSXStandalone.Extensions.dll
Register platform support module: D:/Programs/Unity/Editor/2020.3.11f1/Editor/Data/PlaybackEngines/WindowsStandaloneSupport/UnityEditor.WindowsStandalone.Extensions.dll
Register platform support module: D:/Programs/Unity/Editor/2020.3.11f1/Editor/Data/PlaybackEngines/LinuxStandaloneSupport/UnityEditor.LinuxStandalone.Extensions.dll
Registered in 0.002533 seconds.
Native extension for LinuxStandalone target not found
Native extension for WindowsStandalone target not found
Native extension for OSXStandalone target not found
Refreshing native plugins compatible for Editor in 43.96 ms, found 2 plugins.
Preloading 0 native plugins for Editor in 0.00 ms.
Mono: successfully reloaded assembly
- Completed reload, in  1.617 seconds
Platform modules already initialized, skipping
Registering precompiled user dll's ...
Registered in 0.016254 seconds.
Begin MonoManager ReloadAssembly
Native extension for LinuxStandalone target not found
Native extension for WindowsStandalone target not found
Native extension for OSXStandalone target not found
Refreshing native plugins compatible for Editor in 0.57 ms, found 2 plugins.
Preloading 0 native plugins for Editor in 0.00 ms.
Mono: successfully reloaded assembly
- Completed reload, in  1.801 seconds
Platform modules already initialized, skipping
========================================================================
Worker process is ready to serve import requests
Launched and connected shader compiler UnityShaderCompiler.exe after 0.05 seconds
Refreshing native plugins compatible for Editor in 0.53 ms, found 2 plugins.
Preloading 0 native plugins for Editor in 0.00 ms.
Unloading 2084 Unused Serialized files (Serialized files now loaded: 0)
System memory in use before: 110.8 MB.
System memory in use after: 110.8 MB.

Unloading 38 unused Assets to reduce memory usage. Loaded Objects now: 2575.
Total: 26.787000 ms (FindLiveObjects: 0.202800 ms CreateObjectMapping: 0.052000 ms MarkObjects: 26.375400 ms  DeleteObjects: 0.154200 ms)

========================================================================
Received Import Request.
  path: Assets/Snow mountain tracks/s1.unity
  artifactKey: Guid(55357f48a3e2b4643b0983826b854f64) Importer(815301076,1909f56bfc062723c751e8b465ee728b)
Start importing Assets/Snow mountain tracks/s1.unity using Guid(55357f48a3e2b4643b0983826b854f64) Importer(815301076,1909f56bfc062723c751e8b465ee728b)  -> (artifact id: '9400139594839a5bf712b77cee111653') in 0.013614 seconds
  Import took 0.016954 seconds .

========================================================================
Received Import Request.
  Time since last request: 0.211113 seconds.
  path: Assets/Snow mountain tracks/s1Settings.lighting
  artifactKey: Guid(7894c836435b6e449828ad0bc455442e) Importer(815301076,1909f56bfc062723c751e8b465ee728b)
Start importing Assets/Snow mountain tracks/s1Settings.lighting using Guid(7894c836435b6e449828ad0bc455442e) Importer(815301076,1909f56bfc062723c751e8b465ee728b)  -> (artifact id: '427db0c338f1f9685dbe31ddf50d679c') in 0.036360 seconds
  Import took 0.039554 seconds .

========================================================================
Received Import Request.
  Time since last request: 0.774516 seconds.
  path: Assets/Snow mountain tracks/s1Settings.lighting
  artifactKey: Guid(7894c836435b6e449828ad0bc455442e) Importer(815301076,1909f56bfc062723c751e8b465ee728b)
Start importing Assets/Snow mountain tracks/s1Settings.lighting using Guid(7894c836435b6e449828ad0bc455442e) Importer(815301076,1909f56bfc062723c751e8b465ee728b)  -> (artifact id: '427db0c338f1f9685dbe31ddf50d679c') in 0.003024 seconds
  Import took 0.006283 seconds .

========================================================================
Received Import Request.
  Time since last request: 2108.978738 seconds.
  path: Assets/Snow mountain tracks/Resources
  artifactKey: Guid(a739afc85f82c6e4484de20af2bc08e1) Importer(815301076,1909f56bfc062723c751e8b465ee728b)
Start importing Assets/Snow mountain tracks/Resources using Guid(a739afc85f82c6e4484de20af2bc08e1) Importer(815301076,1909f56bfc062723c751e8b465ee728b)  -> (artifact id: 'bbc26e4965ec6c67e22080d636c254f7') in 0.002877 seconds
  Import took 0.006299 seconds .

========================================================================
Received Import Request.
  Time since last request: 3368.802116 seconds.
  path: Assets/Models
  artifactKey: Guid(0fd10491698f64d49a30c86d1f7be139) Importer(815301076,1909f56bfc062723c751e8b465ee728b)
Start importing Assets/Models using Guid(0fd10491698f64d49a30c86d1f7be139) Importer(815301076,1909f56bfc062723c751e8b465ee728b)  -> (artifact id: '4dbcd0bec64dc4edc83422653ad8babb') in 0.002859 seconds
  Import took 0.006210 seconds .

========================================================================
Received Import Request.
  Time since last request: 18.963649 seconds.
  path: Assets/Models/track.fbx
  artifactKey: Guid(c02a46660ca0fc042b1ea0a59aea3e0d) Importer(815301076,1909f56bfc062723c751e8b465ee728b)
Start importing Assets/Models/track.fbx using Guid(c02a46660ca0fc042b1ea0a59aea3e0d) Importer(815301076,1909f56bfc062723c751e8b465ee728b)  -> (artifact id: '54799a0c4b82731debd79014eea6667a') in 0.207508 seconds
  Import took 0.210875 seconds .

========================================================================
Received Prepare
Registering precompiled user dll's ...
Registered in 0.016310 seconds.
Begin MonoManager ReloadAssembly
Native extension for LinuxStandalone target not found
Native extension for WindowsStandalone target not found
Native extension for OSXStandalone target not found
Refreshing native plugins compatible for Editor in 0.57 ms, found 2 plugins.
Preloading 0 native plugins for Editor in 0.00 ms.
Mono: successfully reloaded assembly
- Completed reload, in  1.695 seconds
Platform modules already initialized, skipping
Refreshing native plugins compatible for Editor in 0.57 ms, found 2 plugins.
Preloading 0 native plugins for Editor in 0.00 ms.
Unloading 2063 Unused Serialized files (Serialized files now loaded: 0)
System memory in use before: 129.1 MB.
System memory in use after: 129.2 MB.

Unloading 34 unused Assets to reduce memory usage. Loaded Objects now: 2620.
Total: 27.386800 ms (FindLiveObjects: 0.207400 ms CreateObjectMapping: 0.051700 ms MarkObjects: 26.985800 ms  DeleteObjects: 0.140200 ms)

========================================================================
Received Import Request.
  Time since last request: 99.324893 seconds.
  path: Assets/Models/track.fbx
  artifactKey: Guid(c02a46660ca0fc042b1ea0a59aea3e0d) Importer(815301076,1909f56bfc062723c751e8b465ee728b)
Start importing Assets/Models/track.fbx using Guid(c02a46660ca0fc042b1ea0a59aea3e0d) Importer(815301076,1909f56bfc062723c751e8b465ee728b)  -> (artifact id: '77adf8878cda728e17587b9907477b23') in 0.123441 seconds
  Import took 0.127782 seconds .

========================================================================
Received Import Request.
  Time since last request: 5.728774 seconds.
  path: Assets/Models/track.fbx
  artifactKey: Guid(c02a46660ca0fc042b1ea0a59aea3e0d) Importer(815301076,1909f56bfc062723c751e8b465ee728b)
Start importing Assets/Models/track.fbx using Guid(c02a46660ca0fc042b1ea0a59aea3e0d) Importer(815301076,1909f56bfc062723c751e8b465ee728b)  -> (artifact id: '31abc811e12d55bd79bb756dfcac73c3') in 0.058981 seconds
  Import took 0.062335 seconds .

========================================================================
Received Import Request.
  Time since last request: 0.002851 seconds.
  path: Assets/Models/track.fbx
  artifactKey: Guid(c02a46660ca0fc042b1ea0a59aea3e0d) Importer(815301076,1909f56bfc062723c751e8b465ee728b)
Start importing Assets/Models/track.fbx using Guid(c02a46660ca0fc042b1ea0a59aea3e0d) Importer(815301076,1909f56bfc062723c751e8b465ee728b)  -> (artifact id: '31abc811e12d55bd79bb756dfcac73c3') in 0.064020 seconds
  Import took 0.067738 seconds .

========================================================================
Received Import Request.
  Time since last request: 120.265088 seconds.
  path: Assets/Prefabs/Hovercraft.prefab
  artifactKey: Guid(1fcebb9acf66b8340ae396c00780b0bf) Importer(815301076,1909f56bfc062723c751e8b465ee728b)
Start importing Assets/Prefabs/Hovercraft.prefab using Guid(1fcebb9acf66b8340ae396c00780b0bf) Importer(815301076,1909f56bfc062723c751e8b465ee728b)  -> (artifact id: '16a2b679f1d9302d33291a4c2182c712') in 0.036520 seconds
  Import took 0.040675 seconds .

========================================================================
Received Import Request.
  Time since last request: 0.175796 seconds.
  path: Assets/Prefabs/Hovercraft.prefab
  artifactKey: Guid(1fcebb9acf66b8340ae396c00780b0bf) Importer(815301076,1909f56bfc062723c751e8b465ee728b)
Start importing Assets/Prefabs/Hovercraft.prefab using Guid(1fcebb9acf66b8340ae396c00780b0bf) Importer(815301076,1909f56bfc062723c751e8b465ee728b)  -> (artifact id: '16a2b679f1d9302d33291a4c2182c712') in 0.034077 seconds
  Import took 0.038749 seconds .

========================================================================
Received Prepare
Registering precompiled user dll's ...
Registered in 0.016160 seconds.
Begin MonoManager ReloadAssembly
Native extension for LinuxStandalone target not found
Native extension for WindowsStandalone target not found
Native extension for OSXStandalone target not found
Refreshing native plugins compatible for Editor in 0.57 ms, found 2 plugins.
Preloading 0 native plugins for Editor in 0.00 ms.
Mono: successfully reloaded assembly
- Completed reload, in  1.698 seconds
Platform modules already initialized, skipping
Refreshing native plugins compatible for Editor in 0.58 ms, found 2 plugins.
Preloading 0 native plugins for Editor in 0.00 ms.
Unloading 2063 Unused Serialized files (Serialized files now loaded: 0)
System memory in use before: 129.2 MB.
System memory in use after: 129.3 MB.

Unloading 34 unused Assets to reduce memory usage. Loaded Objects now: 2623.
Total: 27.197200 ms (FindLiveObjects: 0.204500 ms CreateObjectMapping: 0.051800 ms MarkObjects: 26.820100 ms  DeleteObjects: 0.117900 ms)

========================================================================
Received Import Request.
  Time since last request: 8.902600 seconds.
  path: Assets/Prefabs/Hovercraft.prefab
  artifactKey: Guid(1fcebb9acf66b8340ae396c00780b0bf) Importer(815301076,1909f56bfc062723c751e8b465ee728b)
Start importing Assets/Prefabs/Hovercraft.prefab using Guid(1fcebb9acf66b8340ae396c00780b0bf) Importer(815301076,1909f56bfc062723c751e8b465ee728b)  -> (artifact id: '62b26cc9dc5a5bdaf762151d51a96dce') in 0.075434 seconds
  Import took 0.080402 seconds .

========================================================================
Received Prepare
Registering precompiled user dll's ...
Registered in 0.018081 seconds.
Begin MonoManager ReloadAssembly
Native extension for LinuxStandalone target not found
Native extension for WindowsStandalone target not found
Native extension for OSXStandalone target not found
Refreshing native plugins compatible for Editor in 0.56 ms, found 2 plugins.
Preloading 0 native plugins for Editor in 0.00 ms.
Mono: successfully reloaded assembly
- Completed reload, in  1.688 seconds
Platform modules already initialized, skipping
Refreshing native plugins compatible for Editor in 0.56 ms, found 2 plugins.
Preloading 0 native plugins for Editor in 0.00 ms.
Unloading 2063 Unused Serialized files (Serialized files now loaded: 0)
System memory in use before: 129.2 MB.
System memory in use after: 129.3 MB.

Unloading 33 unused Assets to reduce memory usage. Loaded Objects now: 2626.
Total: 27.275700 ms (FindLiveObjects: 0.213300 ms CreateObjectMapping: 0.051400 ms MarkObjects: 26.899100 ms  DeleteObjects: 0.110200 ms)

========================================================================
Received Import Request.
  Time since last request: 547.294949 seconds.
  path: Assets/Models/track2.fbx
  artifactKey: Guid(f93ef5695936cca458e72b70255815c7) Importer(815301076,1909f56bfc062723c751e8b465ee728b)
Start importing Assets/Models/track2.fbx using Guid(f93ef5695936cca458e72b70255815c7) Importer(815301076,1909f56bfc062723c751e8b465ee728b)  -> (artifact id: '4b482377ee7b40f422b034fb9435e683') in 0.101256 seconds
  Import took 0.105938 seconds .

========================================================================
Received Import Request.
  Time since last request: 9.969898 seconds.
  path: Assets/Models/track2.fbx
  artifactKey: Guid(f93ef5695936cca458e72b70255815c7) Importer(815301076,1909f56bfc062723c751e8b465ee728b)
Start importing Assets/Models/track2.fbx using Guid(f93ef5695936cca458e72b70255815c7) Importer(815301076,1909f56bfc062723c751e8b465ee728b)  -> (artifact id: '2593d32356a9081bc37e6ee32a113dc3') in 0.044150 seconds
  Import took 0.047733 seconds .

